


ARM Macro Assembler    Page 1 


    1 00000000         ; LCD.s
    2 00000000         ; Student names: Zachary Chin and Alex Liang
    3 00000000         ; Last modification date: 4/15/2020
    4 00000000         
    5 00000000         ; Runs on LM4F120/TM4C123
    6 00000000         ; Use SSI0 to send an 8-bit code to the ST7735 160x128 p
                       ixel LCD.
    7 00000000         
    8 00000000         ; As part of Lab 7, students need to implement these LCD
                       _WriteCommand and LCD_WriteData
    9 00000000         ; This driver assumes two low-level LCD functions
   10 00000000         
   11 00000000         ; Backlight (pin 10) connected to +3.3 V
   12 00000000         ; MISO (pin 9) unconnected
   13 00000000         ; SCK (pin 8) connected to PA2 (SSI0Clk)
   14 00000000         ; MOSI (pin 7) connected to PA5 (SSI0Tx)
   15 00000000         ; TFT_CS (pin 6) connected to PA3 (SSI0Fss)
   16 00000000         ; CARD_CS (pin 5) unconnected
   17 00000000         ; Data/Command (pin 4) connected to PA6 (GPIO)
   18 00000000         ; RESET (pin 3) connected to PA7 (GPIO)
   19 00000000         ; VCC (pin 2) connected to +3.3 V
   20 00000000         ; Gnd (pin 1) connected to ground
   21 00000000         
   22 00000000 40004100 
                       DC      EQU              0x40004100
   23 00000000 00000000 
                       DC_COMMAND
                               EQU              0
   24 00000000 00000040 
                       DC_DATA EQU              0x40
   25 00000000 40008008 
                       SSI0_DR_R
                               EQU              0x40008008
   26 00000000 4000800C 
                       SSI0_SR_R
                               EQU              0x4000800C
   27 00000000 00000004 
                       SSI_SR_RNE
                               EQU              0x00000004  ; SSI Receive FIFO 
                                                            Not Empty
   28 00000000 00000010 
                       SSI_SR_BSY
                               EQU              0x00000010  ; SSI Busy Bit
   29 00000000 00000002 
                       SSI_SR_TNF
                               EQU              0x00000002  ; SSI Transmit FIFO
                                                             Not Full
   30 00000000         
   31 00000000                 EXPORT           writecommand
   32 00000000                 EXPORT           writedata
   33 00000000         
   34 00000000                 AREA             |.text|, CODE, READONLY, ALIGN=
2
   35 00000000                 THUMB
   36 00000000                 ALIGN
   37 00000000         
   38 00000000         ; The Data/Command pin must be valid when the eighth bit
                        is
   39 00000000         ; sent.  The SSI module has hardware input and output FI



ARM Macro Assembler    Page 2 


                       FOs
   40 00000000         ; that are 8 locations deep.  Based on the observation t
                       hat
   41 00000000         ; the LCD interface tends to send a few commands and the
                       n a
   42 00000000         ; lot of data, the FIFOs are not used when writing
   43 00000000         ; commands, and they are used when writing data.  This
   44 00000000         ; ensures that the Data/Command pin status matches the b
                       yte
   45 00000000         ; that is actually being transmitted.
   46 00000000         ; The write command operation waits until all data has b
                       een
   47 00000000         ; sent, configures the Data/Command pin for commands, se
                       nds
   48 00000000         ; the command, and then waits for the transmission to
   49 00000000         ; finish.
   50 00000000         ; The write data operation waits until there is room in 
                       the
   51 00000000         ; transmit FIFO, configures the Data/Command pin for dat
                       a,
   52 00000000         ; and then adds the data to the transmit FIFO.
   53 00000000         ; NOTE: These functions will crash or stall indefinitely
                        if
   54 00000000         ; the SSI0 module is not initialized and enabled.
   55 00000000         
   56 00000000         ; This is a helper function that sends an 8-bit command 
                       to the LCD.
   57 00000000         ; Input: R0  8-bit command to transmit
   58 00000000         ; Output: none
   59 00000000         ; Assumes: SSI0 and port A have already been initialized
                        and enabled
   60 00000000         writecommand
   61 00000000         ;; --UUU-- Code to write a command to the LCD
   62 00000000         ;1) Read SSI0_SR_R and check bit 4, 
   63 00000000         ;2) If bit 4 is high, loop back to step 1 (wait for BUSY
                        bit to be low)
   64 00000000         ;3) Clear D/C=PA6 to zero
   65 00000000         ;4) Write the command to SSI0_DR_R
   66 00000000         ;5) Read SSI0_SR_R and check bit 4, 
   67 00000000         ;6) If bit 4 is high, loop back to step 5 (wait for BUSY
                        bit to be low)
   68 00000000 B4F0            PUSH{R4-R7}                  ;Save registers 4-7
                                                            
   69 00000002 4C12            LDR              R4, =SSI0_SR_R ;R4 holds the ad
                                                            dress of the status
                                                             register
   70 00000004         wcCheck1
   71 00000004 6825            LDR              R5, [R4]    ;grab the contents 
                                                            of the status regis
                                                            ter
   72 00000006 F005 0510       AND              R5, #0x10   ;isolate bit 4 
   73 0000000A 2D00            CMP              R5, #0      ;compare it to 0
   74 0000000C D1FA            BNE              wcCheck1    ;Loop back to wcChe
                                                            ck1 if it is high
   75 0000000E 4E10            LDR              R6, =DC     ;R6 holds the addre
                                                            ss of DC (PortA Dat
                                                            a Reg)
   76 00000010 6837            LDR              R7, [R6]    ;R7 holds the conte
                                                            nts of DC (PortA Da



ARM Macro Assembler    Page 3 


                                                            ta Reg)
   77 00000012 F027 0740       BIC              R7, #0x40   ;Clear DC=PA6 to ze
                                                            ro
   78 00000016 6037            STR              R7, [R6]    ;Store it back into
                                                             DC
   79 00000018 4E0E            LDR              R6, =SSI0_DR_R ;R6 holds the ad
                                                            dress of the data r
                                                            egister
   80 0000001A 7030            STRB             R0, [R6]    ;Store the 8-bit co
                                                            mmand in the data r
                                                            egister
   81 0000001C         wcCheck2
   82 0000001C 6825            LDR              R5, [R4]    ;grab the contents 
                                                            of the status regis
                                                            ter
   83 0000001E F005 0510       AND              R5, #0x10   ;isolate bit 4
   84 00000022 2D00            CMP              R5, #0      ;compare it to 0
   85 00000024 D1FA            BNE              wcCheck2    ;Loop back to wcChe
                                                            ck2 if it is high
   86 00000026 BCF0            POP{R4-R7}                   ;Restore contents o
                                                            f registers 4-7
   87 00000028 4770            BX               LR          ;   return
   88 0000002A         
   89 0000002A         ; This is a helper function that sends an 8-bit data to 
                       the LCD.
   90 0000002A         ; Input: R0  8-bit data to transmit
   91 0000002A         ; Output: none
   92 0000002A         ; Assumes: SSI0 and port A have already been initialized
                        and enabled
   93 0000002A         writedata
   94 0000002A         ;; --UUU-- Code to write data to the LCD
   95 0000002A         ;1) Read SSI0_SR_R and check bit 1, 
   96 0000002A         ;2) If bit 1 is low loop back to step 1 (wait for TNF bi
                       t to be high)
   97 0000002A         ;3) Set D/C=PA6 to one
   98 0000002A         ;4) Write the 8-bit data to SSI0_DR_R
   99 0000002A B4F0            PUSH{R4-R7}                  ;Save registers 4-7
                                                            
  100 0000002C 4C07            LDR              R4, =SSI0_SR_R ;R4 holds the ad
                                                            dress of the status
                                                             register
  101 0000002E         wdCheck
  102 0000002E 6825            LDR              R5, [R4]    ;grab the contents 
                                                            of the status regis
                                                            ter
  103 00000030 F005 0502       AND              R5, #0x2    ;isolate bit 1 
  104 00000034 2D00            CMP              R5, #0      ;compare it to 0
  105 00000036 D0FA            BEQ              wdCheck     ;Loop back to wdChe
                                                            ck if it is low
  106 00000038 4E05            LDR              R6, =DC     ;R6 holds the addre
                                                            ss of DC (PortA Dat
                                                            a Reg)
  107 0000003A 6837            LDR              R7, [R6]    ;R7 holds the conte
                                                            nts of DC (PortA Da
                                                            ta Reg)
  108 0000003C F047 0740       ORR              R7, #0x40   ;Set DC=PA6 to 1
  109 00000040 6037            STR              R7, [R6]    ;Store it back into
                                                             DC
  110 00000042 4E04            LDR              R6, =SSI0_DR_R ;R6 holds the ad



ARM Macro Assembler    Page 4 


                                                            dress of the data r
                                                            egister
  111 00000044 7030            STRB             R0, [R6]    ;Store the 8-bit co
                                                            mmand in the data r
                                                            egister
  112 00000046 BCF0            POP{R4-R7}                   ;Restore contents o
                                                            f registers 4-7
  113 00000048 4770            BX               LR          ;   return
  114 0000004A         
  115 0000004A         
  116 0000004A         ;***************************************************
  117 0000004A         ; This is a library for the Adafruit 1.8" SPI display.
  118 0000004A         ; This library works with the Adafruit 1.8" TFT Breakout
                        w/SD card
  119 0000004A         ; ----> http://www.adafruit.com/products/358
  120 0000004A         ; as well as Adafruit raw 1.8" TFT display
  121 0000004A         ; ----> http://www.adafruit.com/products/618
  122 0000004A         ;
  123 0000004A         ; Check out the links above for our tutorials and wiring
                        diagrams
  124 0000004A         ; These displays use SPI to communicate, 4 or 5 pins are
                        required to
  125 0000004A         ; interface (RST is optional)
  126 0000004A         ; Adafruit invests time and resources providing this ope
                       n source code,
  127 0000004A         ; please support Adafruit and open-source hardware by pu
                       rchasing
  128 0000004A         ; products from Adafruit!
  129 0000004A         ;
  130 0000004A         ; Written by Limor Fried/Ladyada for Adafruit Industries
                       .
  131 0000004A         ; MIT license, all text above must be included in any re
                       distribution
  132 0000004A         ;****************************************************
  133 0000004A         
  134 0000004A 00 00           ALIGN                        ; make sure the end
                                                             of this section is
                                                             aligned
  135 0000004C                 END                          ; end of file
              4000800C 
              40004100 
              40008008 
Command Line: --debug --xref --diag_suppress=9931 --cpu=Cortex-M4 --apcs=interw
ork --depend=.\objects\lcd.d -o.\objects\lcd.o -I.\RTE\_LegendOfZorlda -IC:\Use
rs\iiale\AppData\Local\Arm\Packs\ARM\CMSIS\5.6.0\CMSIS\Core\Include -IC:\Users\
iiale\AppData\Local\Arm\Packs\Keil\TM4C_DFP\1.1.0\Device\Include\TM4C123 --pred
efine="__UVISION_VERSION SETA 529" --predefine="_RTE_ SETA 1" --predefine="TM4C
123GH6PM SETA 1" --list=.\listings\lcd.lst LCD.s



ARM Macro Assembler    Page 1 Alphabetic symbol ordering
Relocatable symbols

.text 00000000

Symbol: .text
   Definitions
      At line 34 in file LCD.s
   Uses
      None
Comment: .text unused
wcCheck1 00000004

Symbol: wcCheck1
   Definitions
      At line 70 in file LCD.s
   Uses
      At line 74 in file LCD.s
Comment: wcCheck1 used once
wcCheck2 0000001C

Symbol: wcCheck2
   Definitions
      At line 81 in file LCD.s
   Uses
      At line 85 in file LCD.s
Comment: wcCheck2 used once
wdCheck 0000002E

Symbol: wdCheck
   Definitions
      At line 101 in file LCD.s
   Uses
      At line 105 in file LCD.s
Comment: wdCheck used once
writecommand 00000000

Symbol: writecommand
   Definitions
      At line 60 in file LCD.s
   Uses
      At line 31 in file LCD.s
Comment: writecommand used once
writedata 0000002A

Symbol: writedata
   Definitions
      At line 93 in file LCD.s
   Uses
      At line 32 in file LCD.s
Comment: writedata used once
6 symbols



ARM Macro Assembler    Page 1 Alphabetic symbol ordering
Absolute symbols

DC 40004100

Symbol: DC
   Definitions
      At line 22 in file LCD.s
   Uses
      At line 75 in file LCD.s
      At line 106 in file LCD.s

DC_COMMAND 00000000

Symbol: DC_COMMAND
   Definitions
      At line 23 in file LCD.s
   Uses
      None
Comment: DC_COMMAND unused
DC_DATA 00000040

Symbol: DC_DATA
   Definitions
      At line 24 in file LCD.s
   Uses
      None
Comment: DC_DATA unused
SSI0_DR_R 40008008

Symbol: SSI0_DR_R
   Definitions
      At line 25 in file LCD.s
   Uses
      At line 79 in file LCD.s
      At line 110 in file LCD.s

SSI0_SR_R 4000800C

Symbol: SSI0_SR_R
   Definitions
      At line 26 in file LCD.s
   Uses
      At line 69 in file LCD.s
      At line 100 in file LCD.s

SSI_SR_BSY 00000010

Symbol: SSI_SR_BSY
   Definitions
      At line 28 in file LCD.s
   Uses
      None
Comment: SSI_SR_BSY unused
SSI_SR_RNE 00000004

Symbol: SSI_SR_RNE
   Definitions
      At line 27 in file LCD.s
   Uses
      None
Comment: SSI_SR_RNE unused



ARM Macro Assembler    Page 2 Alphabetic symbol ordering
Absolute symbols

SSI_SR_TNF 00000002

Symbol: SSI_SR_TNF
   Definitions
      At line 29 in file LCD.s
   Uses
      None
Comment: SSI_SR_TNF unused
8 symbols
349 symbols in table
